[
  {
    "model": "AixLib.Airflow.Multizone.BaseClasses.Examples.PowerLawFixedM",
    "simulation": {
      "elapsed_time": 0.00639,
      "final_time": 1,
      "jacobians": 18,
      "start_time": 0,
      "state_events": 0,
      "success": true
    }
  },
  {
    "comparison": {
      "file_name": "PowerLaw.mat",
      "funnel_dirs": [
        "funnel_comp/PowerLaw.mat_V_flow"
      ],
      "success_rate": 1.0,
      "t_err_max": [
        0.0
      ],
      "test_passed": [
        1
      ],
      "var_groups": [
        0
      ],
      "variables": [
        "V_flow"
      ],
      "warnings": [
        null
      ]
    },
    "model": "AixLib.Airflow.Multizone.BaseClasses.Examples.PowerLaw",
    "simulation": {
      "elapsed_time": 0.0101,
      "final_time": 1,
      "jacobians": 18,
      "start_time": 0,
      "state_events": 0,
      "success": true
    }
  },
  {
    "model": "AixLib.Airflow.Multizone.BaseClasses.Examples.WindPressureLowRise",
    "simulation": {
      "elapsed_time": 0.0148,
      "final_time": 2,
      "jacobians": 18,
      "start_time": -2,
      "state_events": 0,
      "success": true
    }
  }
]
