 = true

    
    rCheck = checkModel("AixLib.Airflow.Multizone.BaseClasses.Examples.PowerLaw");
Check of AixLib.Airflow.Multizone.BaseClasses.Examples.PowerLaw:
The model has the same number of unknowns and equations: 2
Check of AixLib.Airflow.Multizone.BaseClasses.Examples.PowerLaw successful.
    
    Modelica.Utilities.Streams.print("    { \"file\" :  \"AixLib/Resources/Scripts/Dymola/Airflow/Multizone/BaseClasses/Examples/PowerLaw.mos\",", "statistics.json");
    Modelica.Utilities.Streams.print("      \"model\" : \"AixLib.Airflow.Multizone.BaseClasses.Examples.PowerLaw\",", "statistics.json");
    Modelica.Utilities.Streams.print("      \"check\" : {", "statistics.json");
    Modelica.Utilities.Streams.print("        \"command\" : \"checkModel(\\\"AixLib.Airflow.Multizone.BaseClasses.Examples.PowerLaw\\\");\",", "statistics.json");
    Modelica.Utilities.Streams.print("        \"result\"  : " + String(rCheck), "statistics.json");
    Modelica.Utilities.Streams.print("      },", "statistics.json");
    
    
    rScript=RunScript("Resources/Scripts/Dymola/Airflow/Multizone/BaseClasses/Examples/PowerLaw.mos");
simulateModel("AixLib.Airflow.Multizone.BaseClasses.Examples.PowerLaw", method="dassl", tolerance=1e-6, stopTime=1.0, resultFile="PowerLaw");
Translation of AixLib.Airflow.Multizone.BaseClasses.Examples.PowerLaw:
The DAE has 2 scalar unknowns and 2 scalar equations.
 
Statistics
 
Original Model
  Number of components: 1
  Variables: 5
  Parameters: 3 (3 scalars)
  Unknowns: 2 (2 scalars)
  Equations: 2
  Nontrivial: 2
Translated Model
  Free parameters: 2 scalars
  Parameter depending: 1 scalars
  Time-varying variables: 2 scalars
  Number of mixed real/discrete systems of equations: 0
  Sizes of linear systems of equations: { }
  Sizes after manipulation of the linear systems: { }
  Sizes of nonlinear systems of equations: { }
  Sizes after manipulation of the nonlinear systems: { }
  Number of numerical Jacobians: 0
 
Selected continuous time states
 = 0
Finished
 = true

    
    savelog("AixLib.Airflow.Multizone.BaseClasses.Examples.PowerLaw.translation.log"); = true

    
    rCheck = checkModel("AixLib.Airflow.Multizone.BaseClasses.Examples.PowerLawFixedM");
Check of AixLib.Airflow.Multizone.BaseClasses.Examples.PowerLawFixedM:
The model has the same number of unknowns and equations: 3
Check of AixLib.Airflow.Multizone.BaseClasses.Examples.PowerLawFixedM successful.
Declaring variable: Boolean rCheck ;
    
    Modelica.Utilities.Streams.print("    { \"file\" :  \"AixLib/Resources/Scripts/Dymola/Airflow/Multizone/BaseClasses/Examples/PowerLawFixedM.mos\",", "statistics.json");
    Modelica.Utilities.Streams.print("      \"model\" : \"AixLib.Airflow.Multizone.BaseClasses.Examples.PowerLawFixedM\",", "statistics.json");
    Modelica.Utilities.Streams.print("      \"check\" : {", "statistics.json");
    Modelica.Utilities.Streams.print("        \"command\" : \"checkModel(\\\"AixLib.Airflow.Multizone.BaseClasses.Examples.PowerLawFixedM\\\");\",", "statistics.json");
    Modelica.Utilities.Streams.print("        \"result\"  : " + String(rCheck), "statistics.json");
    Modelica.Utilities.Streams.print("      },", "statistics.json");
    
    
    rScript=RunScript("Resources/Scripts/Dymola/Airflow/Multizone/BaseClasses/Examples/PowerLawFixedM.mos");
simulateModel("AixLib.Airflow.Multizone.BaseClasses.Examples.PowerLawFixedM", method="dassl", tolerance=1e-6, stopTime=1.0, resultFile="PowerLawFixedM");
Translation of AixLib.Airflow.Multizone.BaseClasses.Examples.PowerLawFixedM:
The DAE has 3 scalar unknowns and 3 scalar equations.
 
Statistics
 
Original Model
  Number of components: 1
  Variables: 11
  Constants: 6 (6 scalars)
  Parameters: 2 (2 scalars)
  Unknowns: 3 (3 scalars)
  Equations: 4
  Nontrivial: 4
Translated Model
  Constants: 7 scalars
  Free parameters: 1 scalars
  Time-varying variables: 3 scalars
  Number of mixed real/discrete systems of equations: 0
  Sizes of linear systems of equations: { }
  Sizes after manipulation of the linear systems: { }
  Sizes of nonlinear systems of equations: { }
  Sizes after manipulation of the nonlinear systems: { }
  Number of numerical Jacobians: 0
 
Selected continuous time states
 = 0
Finished
 = true

Declaring variable: Boolean rScript ;
    
    savelog("AixLib.Airflow.Multizone.BaseClasses.Examples.PowerLawFixedM.translation.log"); = true

    
    rCheck = checkModel("AixLib.Airflow.Multizone.BaseClasses.Examples.WindPressureLowRise");
Check of AixLib.Airflow.Multizone.BaseClasses.Examples.WindPressureLowRise:
The model has the same number of unknowns and equations: 2
Check of AixLib.Airflow.Multizone.BaseClasses.Examples.WindPressureLowRise successful.
Declaring variable: Boolean rCheck ;
    
    Modelica.Utilities.Streams.print("    { \"file\" :  \"AixLib/Resources/Scripts/Dymola/Airflow/Multizone/BaseClasses/Examples/WindPressureLowRise.mos\",", "statistics.json");
    Modelica.Utilities.Streams.print("      \"model\" : \"AixLib.Airflow.Multizone.BaseClasses.Examples.WindPressureLowRise\",", "statistics.json");
    Modelica.Utilities.Streams.print("      \"check\" : {", "statistics.json");
    Modelica.Utilities.Streams.print("        \"command\" : \"checkModel(\\\"AixLib.Airflow.Multizone.BaseClasses.Examples.WindPressureLowRise\\\");\",", "statistics.json");
    Modelica.Utilities.Streams.print("        \"result\"  : " + String(rCheck), "statistics.json");
    Modelica.Utilities.Streams.print("      },", "statistics.json");
    
    
    rScript=RunScript("Resources/Scripts/Dymola/Airflow/Multizone/BaseClasses/Examples/WindPressureLowRise.mos");
simulateModel("AixLib.Airflow.Multizone.BaseClasses.Examples.WindPressureLowRise", startTime=-2, tolerance=1e-6, stopTime=2, method="dassl", resultFile="WindPressureLowRise");
Translation of AixLib.Airflow.Multizone.BaseClasses.Examples.WindPressureLowRise:
The DAE has 2 scalar unknowns and 2 scalar equations.
 
Statistics
 
Original Model
  Number of components: 1
  Variables: 4
  Parameters: 2 (2 scalars)
  Unknowns: 2 (2 scalars)
  Equations: 2
  Nontrivial: 2
Translated Model
  Free parameters: 2 scalars
  Time-varying variables: 2 scalars
  Number of mixed real/discrete systems of equations: 0
  Sizes of linear systems of equations: { }
  Sizes after manipulation of the linear systems: { }
  Sizes of nonlinear systems of equations: { }
  Sizes after manipulation of the nonlinear systems: { }
  Number of numerical Jacobians: 0
 
Selected continuous time states
 = 0
Finished
 = true

Declaring variable: Boolean rScript ;
    
    savelog("AixLib.Airflow.Multizone.BaseClasses.Examples.WindPressureLowRise.translation.log");